app/build/outputs/logs/manifest-merger-debug-report.txt
-- Merging decision tree log ---
manifest
ADDED from src/main/AndroidManifest.xml:25:1-81:12
	package
		ADDED from src/main/AndroidManifest.xml:26:2-37
		INJECTED from src/main/AndroidManifest.xml
		INJECTED from src/main/AndroidManifest.xml
	android:versionName
		INJECTED from src/main/AndroidManifest.xml
		INJECTED from src/main/AndroidManifest.xml
	xmlns:android
		ADDED from src/main/AndroidManifest.xml:27:2-60
	android:versionCode
		INJECTED from src/main/AndroidManifest.xml
		INJECTED from src/main/AndroidManifest.xml
uses-permission#android.permission.ACCESS_NETWORK_STATE
ADDED from src/main/AndroidManifest.xml:29:2-75
	android:name
		ADDED from src/main/AndroidManifest.xml:29:19-73
uses-permission#android.permission.INTERNET
ADDED from src/main/AndroidManifest.xml:30:2-63
	android:name
		ADDED from src/main/AndroidManifest.xml:30:19-61
uses-permission#android.permission.WRITE_EXTERNAL_STORAGE
ADDED from src/main/AndroidManifest.xml:31:2-77
	android:name
		ADDED from src/main/AndroidManifest.xml:31:19-75
uses-permission#android.permission.READ_EXTERNAL_STORAGE
ADDED from src/main/AndroidManifest.xml:32:2-76
	android:name
		ADDED from src/main/AndroidManifest.xml:32:19-74
application
ADDED from src/main/AndroidManifest.xml:34:2-79:16
MERGED from [com.android.support:appcompat-v7:23.0.1] AndroidManifest.xml:22:5-20
MERGED from [com.android.support:support-v4:23.0.1] AndroidManifest.xml:22:5-20
MERGED from [com.android.support:support-v4:23.0.1] AndroidManifest.xml:22:5-20
MERGED from [com.android.support:design:23.0.1] AndroidManifest.xml:22:5-20
MERGED from [com.android.support:support-v4:23.0.1] AndroidManifest.xml:22:5-20
MERGED from [com.android.support:appcompat-v7:23.0.1] AndroidManifest.xml:22:5-20
MERGED from [com.android.support:support-v4:23.0.1] AndroidManifest.xml:22:5-20
	android:label
		ADDED from src/main/AndroidManifest.xml:38:3-41
	android:allowBackup
		ADDED from src/main/AndroidManifest.xml:36:3-29
	android:icon
		ADDED from src/main/AndroidManifest.xml:37:3-39
	android:theme
		ADDED from src/main/AndroidManifest.xml:39:3-34
	android:name
		ADDED from src/main/AndroidManifest.xml:35:3-32
activity#com.bt.heliniumstudentapp.MainActivity
ADDED from src/main/AndroidManifest.xml:41:3-51:14
	android:launchMode
		ADDED from src/main/AndroidManifest.xml:44:4-34
	android:configChanges
		ADDED from src/main/AndroidManifest.xml:43:4-65
	android:name
		ADDED from src/main/AndroidManifest.xml:42:4-32
intent-filter#android.intent.action.MAIN+android.intent.category.LAUNCHER
ADDED from src/main/AndroidManifest.xml:46:4-49:20
action#android.intent.action.MAIN
ADDED from src/main/AndroidManifest.xml:47:5-56
	android:name
		ADDED from src/main/AndroidManifest.xml:47:13-54
category#android.intent.category.LAUNCHER
ADDED from src/main/AndroidManifest.xml:48:5-64
	android:name
		ADDED from src/main/AndroidManifest.xml:48:15-62
activity#com.bt.heliniumstudentapp.LoginActivity
ADDED from src/main/AndroidManifest.xml:53:3-55:67
	android:configChanges
		ADDED from src/main/AndroidManifest.xml:55:4-65
	android:name
		ADDED from src/main/AndroidManifest.xml:54:4-33
activity#com.bt.heliniumstudentapp.DayActivity
ADDED from src/main/AndroidManifest.xml:57:3-66:14
	android:parentActivityName
		ADDED from src/main/AndroidManifest.xml:60:4-46
	android:configChanges
		ADDED from src/main/AndroidManifest.xml:59:4-65
	android:name
		ADDED from src/main/AndroidManifest.xml:58:4-31
meta-data#android.support.PARENT_ACTIVITY
ADDED from src/main/AndroidManifest.xml:62:4-64:36
	android:value
		ADDED from src/main/AndroidManifest.xml:64:5-34
	android:name
		ADDED from src/main/AndroidManifest.xml:63:5-51
activity#com.bt.heliniumstudentapp.SettingsActivity
ADDED from src/main/AndroidManifest.xml:68:3-77:14
	android:parentActivityName
		ADDED from src/main/AndroidManifest.xml:71:4-46
	android:configChanges
		ADDED from src/main/AndroidManifest.xml:70:4-65
	android:name
		ADDED from src/main/AndroidManifest.xml:69:4-36
uses-sdk
INJECTED from src/main/AndroidManifest.xml reason: use-sdk injection requested
MERGED from [com.android.support:appcompat-v7:23.0.1] AndroidManifest.xml:20:5-43
MERGED from [com.android.support:support-v4:23.0.1] AndroidManifest.xml:20:5-43
MERGED from [com.android.support:support-v4:23.0.1] AndroidManifest.xml:20:5-43
MERGED from [com.android.support:design:23.0.1] AndroidManifest.xml:20:5-43
MERGED from [com.android.support:support-v4:23.0.1] AndroidManifest.xml:20:5-43
MERGED from [com.android.support:appcompat-v7:23.0.1] AndroidManifest.xml:20:5-43
MERGED from [com.android.support:support-v4:23.0.1] AndroidManifest.xml:20:5-43
	android:targetSdkVersion
		INJECTED from src/main/AndroidManifest.xml
		INJECTED from src/main/AndroidManifest.xml
	android:minSdkVersion
		INJECTED from src/main/AndroidManifest.xml
		INJECTED from src/main/AndroidManifest.xml